<?xml version="1.0" encoding="UTF-8"?>
<!-- Generated by org.testng.reporters.JUnitXMLReporter -->
<testsuite hostname="SYB-LP-TEST-010" name="Automation" tests="1" failures="1" timestamp="20 Dec 2017 08:46:19 GMT" time="0.864" errors="0">
  <testcase name="automation" time="0.851" classname="practoapp.apptest">
    <failure type="java.lang.NoSuchFieldError" message="INSTANCE">
      <![CDATA[java.lang.NoSuchFieldError: INSTANCE
	at org.apache.http.conn.ssl.SSLConnectionSocketFactory.<clinit>(SSLConnectionSocketFactory.java:146)
	at org.openqa.selenium.remote.internal.HttpClientFactory.getClientConnectionManager(HttpClientFactory.java:71)
	at org.openqa.selenium.remote.internal.HttpClientFactory.<init>(HttpClientFactory.java:57)
	at org.openqa.selenium.remote.internal.HttpClientFactory.<init>(HttpClientFactory.java:60)
	at org.openqa.selenium.remote.internal.ApacheHttpClient$Factory.getDefaultHttpClientFactory(ApacheHttpClient.java:247)
	at org.openqa.selenium.remote.internal.ApacheHttpClient$Factory.<init>(ApacheHttpClient.java:224)
	at io.appium.java_client.remote.AppiumCommandExecutor.<init>(AppiumCommandExecutor.java:82)
	at io.appium.java_client.AppiumDriver.<init>(AppiumDriver.java:111)
	at io.appium.java_client.android.AndroidDriver.<init>(AndroidDriver.java:73)
	at practoapp.methods.installation(methods.java:50)
	at practoapp.apptest.automation(apptest.java:56)
... Removed 23 stack frames]]>
    </failure>
  </testcase> <!-- automation -->
</testsuite> <!-- Automation -->
