<?xml version="1.0" encoding="UTF-8"?>
<testng-results skipped="0" failed="0" ignored="0" total="1" passed="1">
  <reporter-output>
  </reporter-output>
  <suite name="Default suite" duration-ms="173601" started-at="2017-12-21T11:58:45Z" finished-at="2017-12-21T12:01:39Z">
    <groups>
    </groups>
    <test name="Default test" duration-ms="173601" started-at="2017-12-21T11:58:45Z" finished-at="2017-12-21T12:01:39Z">
      <class name="practoapp.apptest">
        <test-method status="PASS" signature="automation()[pri:0, instance:practoapp.apptest@6e0e048a]" name="automation" duration-ms="173571" started-at="2017-12-21T17:28:45Z" finished-at="2017-12-21T17:31:39Z">
          <reporter-output>
          </reporter-output>
        </test-method> <!-- automation -->
      </class> <!-- practoapp.apptest -->
    </test> <!-- Default test -->
  </suite> <!-- Default suite -->
</testng-results>
