<?xml version="1.0" encoding="UTF-8"?>
<testng-results skipped="0" failed="0" total="1" passed="1">
  <reporter-output>
  </reporter-output>
  <suite name="Suite" duration-ms="113455" started-at="2017-12-20T10:10:12Z" finished-at="2017-12-20T10:12:06Z">
    <groups>
    </groups>
    <test name="practo" duration-ms="113455" started-at="2017-12-20T10:10:12Z" finished-at="2017-12-20T10:12:06Z">
      <class name="practoapp.apptest">
        <test-method status="PASS" signature="automation()[pri:0, instance:practoapp.apptest@2ed94a8b]" name="automation" duration-ms="113441" started-at="2017-12-20T15:40:12Z" finished-at="2017-12-20T15:42:06Z">
          <reporter-output>
          </reporter-output>
        </test-method> <!-- automation -->
      </class> <!-- practoapp.apptest -->
    </test> <!-- practo -->
  </suite> <!-- Suite -->
</testng-results>
